<?xml version="1.0" encoding="UTF-8"?>
<testsuite xmlns:xsi="http://www.w3.org/2001/XMLSchema-instance" xsi:noNamespaceSchemaLocation="https://maven.apache.org/surefire/maven-surefire-plugin/xsd/surefire-test-report.xsd" name="br.ufpb.dcx.amigosecreto.SistemaAmigoTest" time="0.094" tests="7" errors="1" skipped="0" failures="6">
  <properties>
    <property name="sun.desktop" value="windows"/>
    <property name="awt.toolkit" value="sun.awt.windows.WToolkit"/>
    <property name="file.encoding.pkg" value="sun.io"/>
    <property name="java.specification.version" value="1.8"/>
    <property name="sun.cpu.isalist" value="amd64"/>
    <property name="sun.jnu.encoding" value="Cp1252"/>
    <property name="java.class.path" value="Z:\windows\projetosAyla\projetoPOO13set\target\test-classes;Z:\windows\projetosAyla\projetoPOO13set\target\classes;C:\Users\ayla\.m2\repository\org\junit\jupiter\junit-jupiter-api\5.8.0\junit-jupiter-api-5.8.0.jar;C:\Users\ayla\.m2\repository\org\opentest4j\opentest4j\1.2.0\opentest4j-1.2.0.jar;C:\Users\ayla\.m2\repository\org\junit\platform\junit-platform-commons\1.8.0\junit-platform-commons-1.8.0.jar;C:\Users\ayla\.m2\repository\org\apiguardian\apiguardian-api\1.1.2\apiguardian-api-1.1.2.jar;C:\Users\ayla\.m2\repository\org\junit\jupiter\junit-jupiter-engine\5.8.0\junit-jupiter-engine-5.8.0.jar;C:\Users\ayla\.m2\repository\org\junit\platform\junit-platform-engine\1.8.0\junit-platform-engine-1.8.0.jar;"/>
    <property name="java.vm.vendor" value="Oracle Corporation"/>
    <property name="sun.arch.data.model" value="64"/>
    <property name="user.variant" value=""/>
    <property name="java.vendor.url" value="http://java.oracle.com/"/>
    <property name="user.timezone" value="America/Sao_Paulo"/>
    <property name="java.vm.specification.version" value="1.8"/>
    <property name="os.name" value="Windows 10"/>
    <property name="user.country" value="BR"/>
    <property name="sun.java.launcher" value="SUN_STANDARD"/>
    <property name="sun.boot.library.path" value="C:\Program Files\Java\jdk1.8.0_211\jre\bin"/>
    <property name="sun.java.command" value="C:\Users\ayla\AppData\Local\Temp\surefire7654471134784883852\surefirebooter4837610751145478378.jar C:\Users\ayla\AppData\Local\Temp\surefire7654471134784883852 2022-09-15T09-45-50_812-jvmRun1 surefire4373596474495289706tmp surefire_01558550041187104712tmp"/>
    <property name="surefire.test.class.path" value="Z:\windows\projetosAyla\projetoPOO13set\target\test-classes;Z:\windows\projetosAyla\projetoPOO13set\target\classes;C:\Users\ayla\.m2\repository\org\junit\jupiter\junit-jupiter-api\5.8.0\junit-jupiter-api-5.8.0.jar;C:\Users\ayla\.m2\repository\org\opentest4j\opentest4j\1.2.0\opentest4j-1.2.0.jar;C:\Users\ayla\.m2\repository\org\junit\platform\junit-platform-commons\1.8.0\junit-platform-commons-1.8.0.jar;C:\Users\ayla\.m2\repository\org\apiguardian\apiguardian-api\1.1.2\apiguardian-api-1.1.2.jar;C:\Users\ayla\.m2\repository\org\junit\jupiter\junit-jupiter-engine\5.8.0\junit-jupiter-engine-5.8.0.jar;C:\Users\ayla\.m2\repository\org\junit\platform\junit-platform-engine\1.8.0\junit-platform-engine-1.8.0.jar;"/>
    <property name="sun.cpu.endian" value="little"/>
    <property name="user.home" value="C:\Users\ayla"/>
    <property name="user.language" value="pt"/>
    <property name="java.specification.vendor" value="Oracle Corporation"/>
    <property name="java.home" value="C:\Program Files\Java\jdk1.8.0_211\jre"/>
    <property name="basedir" value="Z:\windows\projetosAyla\projetoPOO13set"/>
    <property name="file.separator" value="\"/>
    <property name="line.separator" value="&#10;"/>
    <property name="java.vm.specification.vendor" value="Oracle Corporation"/>
    <property name="java.specification.name" value="Java Platform API Specification"/>
    <property name="java.awt.graphicsenv" value="sun.awt.Win32GraphicsEnvironment"/>
    <property name="surefire.real.class.path" value="C:\Users\ayla\AppData\Local\Temp\surefire7654471134784883852\surefirebooter4837610751145478378.jar"/>
    <property name="sun.boot.class.path" value="C:\Program Files\Java\jdk1.8.0_211\jre\lib\resources.jar;C:\Program Files\Java\jdk1.8.0_211\jre\lib\rt.jar;C:\Program Files\Java\jdk1.8.0_211\jre\lib\sunrsasign.jar;C:\Program Files\Java\jdk1.8.0_211\jre\lib\jsse.jar;C:\Program Files\Java\jdk1.8.0_211\jre\lib\jce.jar;C:\Program Files\Java\jdk1.8.0_211\jre\lib\charsets.jar;C:\Program Files\Java\jdk1.8.0_211\jre\lib\jfr.jar;C:\Program Files\Java\jdk1.8.0_211\jre\classes"/>
    <property name="user.script" value=""/>
    <property name="sun.management.compiler" value="HotSpot 64-Bit Tiered Compilers"/>
    <property name="java.runtime.version" value="1.8.0_211-b12"/>
    <property name="user.name" value="ayla"/>
    <property name="path.separator" value=";"/>
    <property name="os.version" value="10.0"/>
    <property name="java.endorsed.dirs" value="C:\Program Files\Java\jdk1.8.0_211\jre\lib\endorsed"/>
    <property name="java.runtime.name" value="Java(TM) SE Runtime Environment"/>
    <property name="file.encoding" value="Cp1252"/>
    <property name="java.vm.name" value="Java HotSpot(TM) 64-Bit Server VM"/>
    <property name="localRepository" value="C:\Users\ayla\.m2\repository"/>
    <property name="java.vendor.url.bug" value="http://bugreport.sun.com/bugreport/"/>
    <property name="java.io.tmpdir" value="C:\Users\ayla\AppData\Local\Temp\"/>
    <property name="idea.version" value="2022.1.3"/>
    <property name="java.version" value="1.8.0_211"/>
    <property name="user.dir" value="Z:\windows\projetosAyla\projetoPOO13set"/>
    <property name="os.arch" value="amd64"/>
    <property name="java.vm.specification.name" value="Java Virtual Machine Specification"/>
    <property name="java.awt.printerjob" value="sun.awt.windows.WPrinterJob"/>
    <property name="sun.os.patch.level" value=""/>
    <property name="java.library.path" value="C:\Program Files\Java\jdk1.8.0_211\jre\bin;C:\Windows\Sun\Java\bin;C:\Windows\system32;C:\Windows;C:\Python310\Scripts\;C:\Python310\;C:\Program Files (x86)\Common Files\Oracle\Java\javapath;C:\Windows\system32;C:\Windows;C:\Windows\System32\Wbem;C:\Windows\System32\WindowsPowerShell\v1.0\;C:\Windows\System32\OpenSSH\;C:\ProgramData\chocolatey\bin;C:\Program Files\Java\jdk1.8.0_211\bin;C:\Program Files\Microsoft VS Code\bin;C:\Program Files\Azure Data Studio\bin;C:\Windows\SysWOW64;C:\Program Files\Git\cmd;C:\Program Files\nodejs\;C:\Program Files\PuTTY\;C:\Program Files (x86)\sbt\bin;C:\Program Files\Docker\Docker\resources\bin;C:\ProgramData\DockerDesktop\version-bin;C:\Program Files\PowerShell\7\;C:\Users\ayla\AppData\Local\Microsoft\WindowsApps;;."/>
    <property name="java.vm.info" value="mixed mode"/>
    <property name="java.vendor" value="Oracle Corporation"/>
    <property name="java.vm.version" value="25.211-b12"/>
    <property name="java.ext.dirs" value="C:\Program Files\Java\jdk1.8.0_211\jre\lib\ext;C:\Windows\Sun\Java\lib\ext"/>
    <property name="sun.io.unicode.encoding" value="UnicodeLittle"/>
    <property name="java.class.version" value="52.0"/>
  </properties>
  <testcase name="testPesquisaAmigoEConfiguraAmigoSecretoDe" classname="br.ufpb.dcx.amigosecreto.SistemaAmigoTest" time="0.06">
    <failure message="Expected br.ufpb.dcx.amigosecreto.AmigoInexistenteException to be thrown, but nothing was thrown." type="org.opentest4j.AssertionFailedError">org.opentest4j.AssertionFailedError: Expected br.ufpb.dcx.amigosecreto.AmigoInexistenteException to be thrown, but nothing was thrown.
	at br.ufpb.dcx.amigosecreto.SistemaAmigoTest.testPesquisaAmigoEConfiguraAmigoSecretoDe(SistemaAmigoTest.java:89)
</failure>
  </testcase>
  <testcase name="testPesquisaECadastraAmigo" classname="br.ufpb.dcx.amigosecreto.SistemaAmigoTest" time="0">
    <failure message="Deveria falhar pois não existe ainda" type="org.opentest4j.AssertionFailedError">org.opentest4j.AssertionFailedError: Deveria falhar pois não existe ainda
	at br.ufpb.dcx.amigosecreto.SistemaAmigoTest.testPesquisaECadastraAmigo(SistemaAmigoTest.java:34)
</failure>
  </testcase>
  <testcase name="testEnviarMensagemParaTodos" classname="br.ufpb.dcx.amigosecreto.SistemaAmigoTest" time="0.004">
    <failure message="expected: &lt;true&gt; but was: &lt;false&gt;" type="org.opentest4j.AssertionFailedError"><![CDATA[org.opentest4j.AssertionFailedError: expected: <true> but was: <false>
	at br.ufpb.dcx.amigosecreto.SistemaAmigoTest.testEnviarMensagemParaTodos(SistemaAmigoTest.java:55)
]]></failure>
  </testcase>
  <testcase name="testSistemaAmigo" classname="br.ufpb.dcx.amigosecreto.SistemaAmigoTest" time="0.001">
    <failure message="Expected br.ufpb.dcx.amigosecreto.AmigoInexistenteException to be thrown, but nothing was thrown." type="org.opentest4j.AssertionFailedError">org.opentest4j.AssertionFailedError: Expected br.ufpb.dcx.amigosecreto.AmigoInexistenteException to be thrown, but nothing was thrown.
	at br.ufpb.dcx.amigosecreto.SistemaAmigoTest.testSistemaAmigo(SistemaAmigoTest.java:26)
</failure>
  </testcase>
  <testcase name="testPesquisaTodasAsMensagens" classname="br.ufpb.dcx.amigosecreto.SistemaAmigoTest" time="0.001">
    <failure message="expected: &lt;true&gt; but was: &lt;false&gt;" type="org.opentest4j.AssertionFailedError"><![CDATA[org.opentest4j.AssertionFailedError: expected: <true> but was: <false>
	at br.ufpb.dcx.amigosecreto.SistemaAmigoTest.testPesquisaTodasAsMensagens(SistemaAmigoTest.java:82)
]]></failure>
  </testcase>
  <testcase name="testEnviarMensagemParaAlguem" classname="br.ufpb.dcx.amigosecreto.SistemaAmigoTest" time="0.003">
    <failure message="expected: &lt;1&gt; but was: &lt;0&gt;" type="org.opentest4j.AssertionFailedError"><![CDATA[org.opentest4j.AssertionFailedError: expected: <1> but was: <0>
	at br.ufpb.dcx.amigosecreto.SistemaAmigoTest.testEnviarMensagemParaAlguem(SistemaAmigoTest.java:64)
]]></failure>
  </testcase>
  <testcase name="testPesquisaMensagensAnonimas" classname="br.ufpb.dcx.amigosecreto.SistemaAmigoTest" time="0">
    <error type="java.lang.NullPointerException">java.lang.NullPointerException
	at br.ufpb.dcx.amigosecreto.SistemaAmigoTest.testPesquisaMensagensAnonimas(SistemaAmigoTest.java:73)
</error>
  </testcase>
</testsuite>